# JRE version: OpenJDK Runtime Environment (8.0_131-b11) (build 1.8.0_131-8u131-b11-0ubuntu1.17.04.1-b11)
# Java VM: OpenJDK 64-Bit Server VM (25.131-b11 mixed mode linux-amd64 compressed oops)
Heap:
 PSYoungGen      total 279040K, used 61627K [0x0000000718e00000, 0x000000073af00000, 0x00000007c0000000)
  eden space 258048K, 15% used [0x0000000718e00000,0x000000071b5b2d58,0x0000000728a00000)
  from space 20992K, 99% used [0x0000000728a00000,0x0000000729e7c040,0x0000000729e80000)
  to   space 20992K, 0% used [0x0000000739a80000,0x0000000739a80000,0x000000073af00000)
 ParOldGen       total 343040K, used 5264K [0x00000005caa00000, 0x00000005df900000, 0x0000000718e00000)
  object space 343040K, 1% used [0x00000005caa00000,0x00000005caf24000,0x00000005df900000)
 Metaspace       used 7527K, capacity 7770K, committed 7936K, reserved 1056768K
  class space    used 833K, capacity 911K, committed 1024K, reserved 1048576K
GC Heap History (6 events):
Event: 0.712 GC heap before
{Heap before GC invocations=1 (full 0):
 PSYoungGen      total 150016K, used 129024K [0x0000000718e00000, 0x0000000723500000, 0x00000007c0000000)
  eden space 129024K, 100% used [0x0000000718e00000,0x0000000720c00000,0x0000000720c00000)
  from space 20992K, 0% used [0x0000000722080000,0x0000000722080000,0x0000000723500000)
  to   space 20992K, 0% used [0x0000000720c00000,0x0000000720c00000,0x0000000722080000)
 ParOldGen       total 343040K, used 0K [0x00000005caa00000, 0x00000005df900000, 0x0000000718e00000)
  object space 343040K, 0% used [0x00000005caa00000,0x00000005caa00000,0x00000005df900000)
 Metaspace       used 7500K, capacity 7706K, committed 7936K, reserved 1056768K
  class space    used 832K, capacity 911K, committed 1024K, reserved 1048576K
Event: 0.749 GC heap after
Heap after GC invocations=1 (full 0):
 PSYoungGen      total 150016K, used 13187K [0x0000000718e00000, 0x000000072b300000, 0x00000007c0000000)
  eden space 129024K, 0% used [0x0000000718e00000,0x0000000718e00000,0x0000000720c00000)
  from space 20992K, 62% used [0x0000000720c00000,0x00000007218e0cd8,0x0000000722080000)
  to   space 20992K, 0% used [0x0000000729e80000,0x0000000729e80000,0x000000072b300000)
 ParOldGen       total 343040K, used 8K [0x00000005caa00000, 0x00000005df900000, 0x0000000718e00000)
  object space 343040K, 0% used [0x00000005caa00000,0x00000005caa02000,0x00000005df900000)
 Metaspace       used 7500K, capacity 7706K, committed 7936K, reserved 1056768K
  class space    used 832K, capacity 911K, committed 1024K, reserved 1048576K
}
Event: 1.033 GC heap before
{Heap before GC invocations=2 (full 0):
 PSYoungGen      total 150016K, used 142211K [0x0000000718e00000, 0x000000072b300000, 0x00000007c0000000)
  eden space 129024K, 100% used [0x0000000718e00000,0x0000000720c00000,0x0000000720c00000)
  from space 20992K, 62% used [0x0000000720c00000,0x00000007218e0cd8,0x0000000722080000)
  to   space 20992K, 0% used [0x0000000729e80000,0x0000000729e80000,0x000000072b300000)
 ParOldGen       total 343040K, used 8K [0x00000005caa00000, 0x00000005df900000, 0x0000000718e00000)
  object space 343040K, 0% used [0x00000005caa00000,0x00000005caa02000,0x00000005df900000)
 Metaspace       used 7515K, capacity 7770K, committed 7936K, reserved 1056768K
  class space    used 832K, capacity 911K, committed 1024K, reserved 1048576K
Event: 1.075 GC heap after
Heap after GC invocations=2 (full 0):
 PSYoungGen      total 279040K, used 13568K [0x0000000718e00000, 0x000000072b300000, 0x00000007c0000000)
  eden space 258048K, 0% used [0x0000000718e00000,0x0000000718e00000,0x0000000728a00000)
  from space 20992K, 64% used [0x0000000729e80000,0x000000072abc0010,0x000000072b300000)
  to   space 20992K, 0% used [0x0000000728a00000,0x0000000728a00000,0x0000000729e80000)
 ParOldGen       total 343040K, used 16K [0x00000005caa00000, 0x00000005df900000, 0x0000000718e00000)
  object space 343040K, 0% used [0x00000005caa00000,0x00000005caa04000,0x00000005df900000)
 Metaspace       used 7515K, capacity 7770K, committed 7936K, reserved 1056768K
  class space    used 832K, capacity 911K, committed 1024K, reserved 1048576K
}
Event: 1.580 GC heap before
{Heap before GC invocations=3 (full 0):
 PSYoungGen      total 279040K, used 271616K [0x0000000718e00000, 0x000000072b300000, 0x00000007c0000000)
  eden space 258048K, 100% used [0x0000000718e00000,0x0000000728a00000,0x0000000728a00000)
  from space 20992K, 64% used [0x0000000729e80000,0x000000072abc0010,0x000000072b300000)
  to   space 20992K, 0% used [0x0000000728a00000,0x0000000728a00000,0x0000000729e80000)
 ParOldGen       total 343040K, used 16K [0x00000005caa00000, 0x00000005df900000, 0x0000000718e00000)
  object space 343040K, 0% used [0x00000005caa00000,0x00000005caa04000,0x00000005df900000)
 Metaspace       used 7515K, capacity 7770K, committed 7936K, reserved 1056768K
  class space    used 832K, capacity 911K, committed 1024K, reserved 1048576K
Event: 1.648 GC heap after
Heap after GC invocations=3 (full 0):
 PSYoungGen      total 279040K, used 20976K [0x0000000718e00000, 0x000000073af00000, 0x00000007c0000000)
  eden space 258048K, 0% used [0x0000000718e00000,0x0000000718e00000,0x0000000728a00000)
  from space 20992K, 99% used [0x0000000728a00000,0x0000000729e7c040,0x0000000729e80000)
  to   space 20992K, 0% used [0x0000000739a80000,0x0000000739a80000,0x000000073af00000)
 ParOldGen       total 343040K, used 5264K [0x00000005caa00000, 0x00000005df900000, 0x0000000718e00000)
  object space 343040K, 1% used [0x00000005caa00000,0x00000005caf24000,0x00000005df900000)
 Metaspace       used 7515K, capacity 7770K, committed 7936K, reserved 1056768K
  class space    used 832K, capacity 911K, committed 1024K, reserved 1048576K
}

