-------------------------------------------------------------------------------
Test set: fastmath.arb.ComplexTest
-------------------------------------------------------------------------------
Tests run: 15, Failures: 0, Errors: 11, Skipped: 0, Time elapsed: 0.062 sec <<< FAILURE! - in fastmath.arb.ComplexTest
testHardyZTanh2ndDerivative(fastmath.arb.ComplexTest)  Time elapsed: 0.008 sec  <<< ERROR!
java.lang.UnsatisfiedLinkError: Error looking up function 'acb_dirichlet_hardy_z_series': /usr/lib/libflint-arb.so: undefined symbol: acb_dirichlet_hardy_z_series
	at com.sun.jna.Function.<init>(Function.java:212)
	at com.sun.jna.NativeLibrary.getFunction(NativeLibrary.java:541)
	at com.sun.jna.NativeLibrary.getFunction(NativeLibrary.java:518)
	at com.sun.jna.NativeLibrary.getFunction(NativeLibrary.java:504)
	at com.sun.jna.Library$Handler.invoke(Library.java:220)
	at com.sun.proxy.$Proxy5.acb_dirichlet_hardy_z_series(Unknown Source)
	at fastmath.arb.Complex.HardyZTanhReduced2ndDerivative(Complex.java:491)
	at fastmath.arb.ComplexTest.testHardyZTanh2ndDerivative(ComplexTest.java:30)

testZetaZeroArg(fastmath.arb.ComplexTest)  Time elapsed: 0.002 sec  <<< ERROR!
java.lang.UnsatisfiedLinkError: Error looking up function 'acb_dirichlet_hardy_theta': /usr/lib/libflint-arb.so: undefined symbol: acb_dirichlet_hardy_theta
	at com.sun.jna.Function.<init>(Function.java:212)
	at com.sun.jna.NativeLibrary.getFunction(NativeLibrary.java:541)
	at com.sun.jna.NativeLibrary.getFunction(NativeLibrary.java:518)
	at com.sun.jna.NativeLibrary.getFunction(NativeLibrary.java:504)
	at com.sun.jna.Library$Handler.invoke(Library.java:220)
	at com.sun.proxy.$Proxy5.acb_dirichlet_hardy_theta(Unknown Source)
	at fastmath.arb.Complex.vartheta(Complex.java:425)
	at fastmath.arb.Complex.nthRiemannZeroArg(Complex.java:438)
	at fastmath.arb.ComplexTest.testZetaZeroArg(ComplexTest.java:49)

testHardyZSelfRelaxedNewton(fastmath.arb.ComplexTest)  Time elapsed: 0.007 sec  <<< ERROR!
java.lang.UnsatisfiedLinkError: Error looking up function 'acb_dirichlet_hardy_z_series': /usr/lib/libflint-arb.so: undefined symbol: acb_dirichlet_hardy_z_series
	at com.sun.jna.Function.<init>(Function.java:212)
	at com.sun.jna.NativeLibrary.getFunction(NativeLibrary.java:541)
	at com.sun.jna.NativeLibrary.getFunction(NativeLibrary.java:518)
	at com.sun.jna.NativeLibrary.getFunction(NativeLibrary.java:504)
	at com.sun.jna.Library$Handler.invoke(Library.java:220)
	at com.sun.proxy.$Proxy5.acb_dirichlet_hardy_z_series(Unknown Source)
	at fastmath.arb.Complex.HardyZAutoRelaxedTanhNewton(Complex.java:690)
	at fastmath.arb.ComplexTest.testHardyZSelfRelaxedNewton(ComplexTest.java:59)

testHardyZReducedNewtonIteration(fastmath.arb.ComplexTest)  Time elapsed: 0.002 sec  <<< ERROR!
java.lang.UnsatisfiedLinkError: Error looking up function 'acb_dirichlet_hardy_z_series': /usr/lib/libflint-arb.so: undefined symbol: acb_dirichlet_hardy_z_series
	at com.sun.jna.Function.<init>(Function.java:212)
	at com.sun.jna.NativeLibrary.getFunction(NativeLibrary.java:541)
	at com.sun.jna.NativeLibrary.getFunction(NativeLibrary.java:518)
	at com.sun.jna.NativeLibrary.getFunction(NativeLibrary.java:504)
	at com.sun.jna.Library$Handler.invoke(Library.java:220)
	at com.sun.proxy.$Proxy5.acb_dirichlet_hardy_z_series(Unknown Source)
	at fastmath.arb.Complex.HardyZNewton(Complex.java:613)
	at fastmath.arb.ComplexTest.lambda$0(ComplexTest.java:67)

testGeneralizedSteffensen(fastmath.arb.ComplexTest)  Time elapsed: 0.003 sec  <<< ERROR!
java.lang.UnsatisfiedLinkError: Error looking up function 'acb_dirichlet_hardy_z': /usr/lib/libflint-arb.so: undefined symbol: acb_dirichlet_hardy_z
	at com.sun.jna.Function.<init>(Function.java:212)
	at com.sun.jna.NativeLibrary.getFunction(NativeLibrary.java:541)
	at com.sun.jna.NativeLibrary.getFunction(NativeLibrary.java:518)
	at com.sun.jna.NativeLibrary.getFunction(NativeLibrary.java:504)
	at com.sun.jna.Library$Handler.invoke(Library.java:220)
	at com.sun.proxy.$Proxy5.acb_dirichlet_hardy_z(Unknown Source)
	at fastmath.arb.Complex.HardyZ(Complex.java:432)
	at fastmath.arb.Complex.HTZGeneralizedSteffensen(Complex.java:747)
	at fastmath.arb.ComplexTest.testGeneralizedSteffensen(ComplexTest.java:129)

testZHalley(fastmath.arb.ComplexTest)  Time elapsed: 0.003 sec  <<< ERROR!
java.lang.UnsatisfiedLinkError: Error looking up function 'acb_dirichlet_hardy_z_series': /usr/lib/libflint-arb.so: undefined symbol: acb_dirichlet_hardy_z_series
	at com.sun.jna.Function.<init>(Function.java:212)
	at com.sun.jna.NativeLibrary.getFunction(NativeLibrary.java:541)
	at com.sun.jna.NativeLibrary.getFunction(NativeLibrary.java:518)
	at com.sun.jna.NativeLibrary.getFunction(NativeLibrary.java:504)
	at com.sun.jna.Library$Handler.invoke(Library.java:220)
	at com.sun.proxy.$Proxy5.acb_dirichlet_hardy_z_series(Unknown Source)
	at fastmath.arb.Complex.ZHalley(Complex.java:763)
	at fastmath.arb.ComplexTest.testZHalley(ComplexTest.java:138)

testGeneralizedRelaxedSteffensen(fastmath.arb.ComplexTest)  Time elapsed: 0.003 sec  <<< ERROR!
java.lang.UnsatisfiedLinkError: Error looking up function 'acb_dirichlet_hardy_z': /usr/lib/libflint-arb.so: undefined symbol: acb_dirichlet_hardy_z
	at com.sun.jna.Function.<init>(Function.java:212)
	at com.sun.jna.NativeLibrary.getFunction(NativeLibrary.java:541)
	at com.sun.jna.NativeLibrary.getFunction(NativeLibrary.java:518)
	at com.sun.jna.NativeLibrary.getFunction(NativeLibrary.java:504)
	at com.sun.jna.Library$Handler.invoke(Library.java:220)
	at com.sun.proxy.$Proxy5.acb_dirichlet_hardy_z(Unknown Source)
	at fastmath.arb.Complex.HardyZ(Complex.java:432)
	at fastmath.arb.Complex.HTZGeneralizedSteffensen(Complex.java:789)
	at fastmath.arb.ComplexTest.testGeneralizedRelaxedSteffensen(ComplexTest.java:147)

testHardyZReduced(fastmath.arb.ComplexTest)  Time elapsed: 0.002 sec  <<< ERROR!
java.lang.UnsatisfiedLinkError: Error looking up function 'acb_dirichlet_hardy_z': /usr/lib/libflint-arb.so: undefined symbol: acb_dirichlet_hardy_z
	at com.sun.jna.Function.<init>(Function.java:212)
	at com.sun.jna.NativeLibrary.getFunction(NativeLibrary.java:541)
	at com.sun.jna.NativeLibrary.getFunction(NativeLibrary.java:518)
	at com.sun.jna.NativeLibrary.getFunction(NativeLibrary.java:504)
	at com.sun.jna.Library$Handler.invoke(Library.java:220)
	at com.sun.proxy.$Proxy5.acb_dirichlet_hardy_z(Unknown Source)
	at fastmath.arb.Complex.HardyZ(Complex.java:432)
	at fastmath.arb.Complex.HardyZReduced(Complex.java:541)
	at fastmath.arb.ComplexTest.testHardyZReduced(ComplexTest.java:163)

testHardyZDerivativeReduced(fastmath.arb.ComplexTest)  Time elapsed: 0.002 sec  <<< ERROR!
java.lang.UnsatisfiedLinkError: Error looking up function 'acb_dirichlet_hardy_z_series': /usr/lib/libflint-arb.so: undefined symbol: acb_dirichlet_hardy_z_series
	at com.sun.jna.Function.<init>(Function.java:212)
	at com.sun.jna.NativeLibrary.getFunction(NativeLibrary.java:541)
	at com.sun.jna.NativeLibrary.getFunction(NativeLibrary.java:518)
	at com.sun.jna.NativeLibrary.getFunction(NativeLibrary.java:504)
	at com.sun.jna.Library$Handler.invoke(Library.java:220)
	at com.sun.proxy.$Proxy5.acb_dirichlet_hardy_z_series(Unknown Source)
	at fastmath.arb.Complex.HardyZDerivativeReduced(Complex.java:558)
	at fastmath.arb.ComplexTest.testHardyZDerivativeReduced(ComplexTest.java:170)

testHardyZ2ndDerivativeReduced(fastmath.arb.ComplexTest)  Time elapsed: 0.001 sec  <<< ERROR!
java.lang.UnsatisfiedLinkError: Error looking up function 'acb_dirichlet_hardy_z_series': /usr/lib/libflint-arb.so: undefined symbol: acb_dirichlet_hardy_z_series
	at com.sun.jna.Function.<init>(Function.java:212)
	at com.sun.jna.NativeLibrary.getFunction(NativeLibrary.java:541)
	at com.sun.jna.NativeLibrary.getFunction(NativeLibrary.java:518)
	at com.sun.jna.NativeLibrary.getFunction(NativeLibrary.java:504)
	at com.sun.jna.Library$Handler.invoke(Library.java:220)
	at com.sun.proxy.$Proxy5.acb_dirichlet_hardy_z_series(Unknown Source)
	at fastmath.arb.Complex.HardyZ2ndDerivativeReduced(Complex.java:571)
	at fastmath.arb.ComplexTest.testHardyZ2ndDerivativeReduced(ComplexTest.java:177)

testHardyZSelfRelaxedReducedNewtonIteration(fastmath.arb.ComplexTest)  Time elapsed: 0.002 sec  <<< ERROR!
java.lang.UnsatisfiedLinkError: Error looking up function 'acb_dirichlet_hardy_z': /usr/lib/libflint-arb.so: undefined symbol: acb_dirichlet_hardy_z
	at com.sun.jna.Function.<init>(Function.java:212)
	at com.sun.jna.NativeLibrary.getFunction(NativeLibrary.java:541)
	at com.sun.jna.NativeLibrary.getFunction(NativeLibrary.java:518)
	at com.sun.jna.NativeLibrary.getFunction(NativeLibrary.java:504)
	at com.sun.jna.Library$Handler.invoke(Library.java:220)
	at com.sun.proxy.$Proxy5.acb_dirichlet_hardy_z(Unknown Source)
	at fastmath.arb.Complex.HardyZ(Complex.java:432)
	at fastmath.arb.Complex.HardyZReduced(Complex.java:541)
	at fastmath.arb.Complex.HardyZAutoRelaxedReducedNewton(Complex.java:597)
	at fastmath.arb.ComplexTest.testHardyZSelfRelaxedReducedNewtonIteration(ComplexTest.java:185)

