-------------------------------------------------------------------------------
Test set: fastmath.fx.HardyZIteratedFunctionMapperTest
-------------------------------------------------------------------------------
Tests run: 1, Failures: 1, Errors: 0, Skipped: 0, Time elapsed: 0.004 sec <<< FAILURE! - in fastmath.fx.HardyZIteratedFunctionMapperTest
warning(junit.framework.TestSuite$1)  Time elapsed: 0.003 sec  <<< FAILURE!
junit.framework.AssertionFailedError: No tests found in fastmath.fx.HardyZIteratedFunctionMapperTest
	at junit.framework.Assert.fail(Assert.java:47)
	at junit.framework.TestSuite$1.runTest(TestSuite.java:97)

