<?xml version="1.0" encoding="UTF-8"?>
<testsuite name="fastmath.FunctionsTest" time="0.16" tests="14" errors="5" skipped="0" failures="0">
  <properties>
[...]
</properties>
  <testcase name="testLambertW" classname="fastmath.FunctionsTest" time="0.049"/>
  <testcase name="testΨ" classname="fastmath.FunctionsTest" time="0.015"/>
  <testcase name="testZSteffensen" classname="fastmath.FunctionsTest" time="0.005">
    <error message="Error looking up function &apos;acb_dirichlet_hardy_z&apos;: /usr/lib/libflint-arb.so: undefined symbol: acb_dirichlet_hardy_z" type="java.lang.UnsatisfiedLinkError"><![CDATA[java.lang.UnsatisfiedLinkError: Error looking up function 'acb_dirichlet_hardy_z': /usr/lib/libflint-arb.so: undefined symbol: acb_dirichlet_hardy_z
	at com.sun.jna.Function.<init>(Function.java:212)
	at com.sun.jna.NativeLibrary.getFunction(NativeLibrary.java:541)
	at com.sun.jna.NativeLibrary.getFunction(NativeLibrary.java:518)
	at com.sun.jna.NativeLibrary.getFunction(NativeLibrary.java:504)
	at com.sun.jna.Library$Handler.invoke(Library.java:220)
	at com.sun.proxy.$Proxy3.acb_dirichlet_hardy_z(Unknown Source)
	at fastmath.arb.Complex.HardyZ(Complex.java:435)
	at fastmath.arb.Complex.ZSteffensen(Complex.java:724)
	at fastmath.FunctionsTest.testZSteffensen(FunctionsTest.java:109)
]]></error>
  </testcase>
  <testcase name="testRealGamma" classname="fastmath.FunctionsTest" time="0.003"/>
  <testcase name="testZd" classname="fastmath.FunctionsTest" time="0.011">
    <error message="Error looking up function &apos;acb_dirichlet_hardy_z_series&apos;: /usr/lib/libflint-arb.so: undefined symbol: acb_dirichlet_hardy_z_series" type="java.lang.UnsatisfiedLinkError"><![CDATA[java.lang.UnsatisfiedLinkError: Error looking up function 'acb_dirichlet_hardy_z_series': /usr/lib/libflint-arb.so: undefined symbol: acb_dirichlet_hardy_z_series
	at com.sun.jna.Function.<init>(Function.java:212)
	at com.sun.jna.NativeLibrary.getFunction(NativeLibrary.java:541)
	at com.sun.jna.NativeLibrary.getFunction(NativeLibrary.java:518)
	at com.sun.jna.NativeLibrary.getFunction(NativeLibrary.java:504)
	at com.sun.jna.Library$Handler.invoke(Library.java:220)
	at com.sun.proxy.$Proxy3.acb_dirichlet_hardy_z_series(Unknown Source)
	at fastmath.arb.Complex.HardyZDerivative(Complex.java:552)
	at fastmath.Functions.Zd(Functions.java:156)
	at fastmath.FunctionsTest.testZd(FunctionsTest.java:117)
]]></error>
  </testcase>
  <testcase name="testZ" classname="fastmath.FunctionsTest" time="0.003">
    <error message="Error looking up function &apos;acb_dirichlet_hardy_z&apos;: /usr/lib/libflint-arb.so: undefined symbol: acb_dirichlet_hardy_z" type="java.lang.UnsatisfiedLinkError"><![CDATA[java.lang.UnsatisfiedLinkError: Error looking up function 'acb_dirichlet_hardy_z': /usr/lib/libflint-arb.so: undefined symbol: acb_dirichlet_hardy_z
	at com.sun.jna.Function.<init>(Function.java:212)
	at com.sun.jna.NativeLibrary.getFunction(NativeLibrary.java:541)
	at com.sun.jna.NativeLibrary.getFunction(NativeLibrary.java:518)
	at com.sun.jna.NativeLibrary.getFunction(NativeLibrary.java:504)
	at com.sun.jna.Library$Handler.invoke(Library.java:220)
	at com.sun.proxy.$Proxy3.acb_dirichlet_hardy_z(Unknown Source)
	at fastmath.arb.Complex.HardyZ(Complex.java:435)
	at fastmath.Functions.Z(Functions.java:135)
	at fastmath.FunctionsTest.testZ(FunctionsTest.java:134)
]]></error>
  </testcase>
  <testcase name="testϑ" classname="fastmath.FunctionsTest" time="0.002">
    <error message="Error looking up function &apos;acb_dirichlet_hardy_theta&apos;: /usr/lib/libflint-arb.so: undefined symbol: acb_dirichlet_hardy_theta" type="java.lang.UnsatisfiedLinkError"><![CDATA[java.lang.UnsatisfiedLinkError: Error looking up function 'acb_dirichlet_hardy_theta': /usr/lib/libflint-arb.so: undefined symbol: acb_dirichlet_hardy_theta
	at com.sun.jna.Function.<init>(Function.java:212)
	at com.sun.jna.NativeLibrary.getFunction(NativeLibrary.java:541)
	at com.sun.jna.NativeLibrary.getFunction(NativeLibrary.java:518)
	at com.sun.jna.NativeLibrary.getFunction(NativeLibrary.java:504)
	at com.sun.jna.Library$Handler.invoke(Library.java:220)
	at com.sun.proxy.$Proxy3.acb_dirichlet_hardy_theta(Unknown Source)
	at fastmath.arb.Complex.vartheta(Complex.java:428)
	at fastmath.Functions.ϑ(Functions.java:226)
	at fastmath.FunctionsTest.testϑ(FunctionsTest.java:176)
]]></error>
  </testcase>
  <testcase name="testZNewton" classname="fastmath.FunctionsTest" time="0.002">
    <error message="Error looking up function &apos;acb_dirichlet_hardy_z_series&apos;: /usr/lib/libflint-arb.so: undefined symbol: acb_dirichlet_hardy_z_series" type="java.lang.UnsatisfiedLinkError"><![CDATA[java.lang.UnsatisfiedLinkError: Error looking up function 'acb_dirichlet_hardy_z_series': /usr/lib/libflint-arb.so: undefined symbol: acb_dirichlet_hardy_z_series
	at com.sun.jna.Function.<init>(Function.java:212)
	at com.sun.jna.NativeLibrary.getFunction(NativeLibrary.java:541)
	at com.sun.jna.NativeLibrary.getFunction(NativeLibrary.java:518)
	at com.sun.jna.NativeLibrary.getFunction(NativeLibrary.java:504)
	at com.sun.jna.Library$Handler.invoke(Library.java:220)
	at com.sun.proxy.$Proxy3.acb_dirichlet_hardy_z_series(Unknown Source)
	at fastmath.arb.Complex.HardyZNewton(Complex.java:616)
	at fastmath.Functions.ZNewton(Functions.java:172)
	at fastmath.FunctionsTest.testZNewton(FunctionsTest.java:222)
]]></error>
  </testcase>
  <testcase name="testζ" classname="fastmath.FunctionsTest" time="0.014"/>
  <testcase name="testMaxExp" classname="fastmath.FunctionsTest" time="0"/>
  <testcase name="testOuterProduct" classname="fastmath.FunctionsTest" time="0.025"/>
  <testcase name="testUniformRandom" classname="fastmath.FunctionsTest" time="0.003"/>
  <testcase name="testComplexLnΓ" classname="fastmath.FunctionsTest" time="0.02"/>
  <testcase name="testComplexΓ" classname="fastmath.FunctionsTest" time="0.008"/>
</testsuite>