<?xml version="1.0" encoding="UTF-8"?>
<testsuite name="fastmath.arb.ComplexTest" time="0.06" tests="15" errors="11" skipped="0" failures="0">
  <properties>
[...]
</properties>
  <testcase name="testW" classname="fastmath.arb.ComplexTest" time="0.013"/>
  <testcase name="testHardyZTanh2ndDerivative" classname="fastmath.arb.ComplexTest" time="0.008">
    <error message="Error looking up function &apos;acb_dirichlet_hardy_z_series&apos;: /usr/lib/libflint-arb.so: undefined symbol: acb_dirichlet_hardy_z_series" type="java.lang.UnsatisfiedLinkError"><![CDATA[java.lang.UnsatisfiedLinkError: Error looking up function 'acb_dirichlet_hardy_z_series': /usr/lib/libflint-arb.so: undefined symbol: acb_dirichlet_hardy_z_series
	at com.sun.jna.Function.<init>(Function.java:212)
	at com.sun.jna.NativeLibrary.getFunction(NativeLibrary.java:541)
	at com.sun.jna.NativeLibrary.getFunction(NativeLibrary.java:518)
	at com.sun.jna.NativeLibrary.getFunction(NativeLibrary.java:504)
	at com.sun.jna.Library$Handler.invoke(Library.java:220)
	at com.sun.proxy.$Proxy5.acb_dirichlet_hardy_z_series(Unknown Source)
	at fastmath.arb.Complex.HardyZTanhReduced2ndDerivative(Complex.java:491)
	at fastmath.arb.ComplexTest.testHardyZTanh2ndDerivative(ComplexTest.java:30)
]]></error>
  </testcase>
  <testcase name="testArg" classname="fastmath.arb.ComplexTest" time="0.008"/>
  <testcase name="testZetaZeroArg" classname="fastmath.arb.ComplexTest" time="0.002">
    <error message="Error looking up function &apos;acb_dirichlet_hardy_theta&apos;: /usr/lib/libflint-arb.so: undefined symbol: acb_dirichlet_hardy_theta" type="java.lang.UnsatisfiedLinkError"><![CDATA[java.lang.UnsatisfiedLinkError: Error looking up function 'acb_dirichlet_hardy_theta': /usr/lib/libflint-arb.so: undefined symbol: acb_dirichlet_hardy_theta
	at com.sun.jna.Function.<init>(Function.java:212)
	at com.sun.jna.NativeLibrary.getFunction(NativeLibrary.java:541)
	at com.sun.jna.NativeLibrary.getFunction(NativeLibrary.java:518)
	at com.sun.jna.NativeLibrary.getFunction(NativeLibrary.java:504)
	at com.sun.jna.Library$Handler.invoke(Library.java:220)
	at com.sun.proxy.$Proxy5.acb_dirichlet_hardy_theta(Unknown Source)
	at fastmath.arb.Complex.vartheta(Complex.java:425)
	at fastmath.arb.Complex.nthRiemannZeroArg(Complex.java:438)
	at fastmath.arb.ComplexTest.testZetaZeroArg(ComplexTest.java:49)
]]></error>
  </testcase>
  <testcase name="testHardyZSelfRelaxedNewton" classname="fastmath.arb.ComplexTest" time="0.007">
    <error message="Error looking up function &apos;acb_dirichlet_hardy_z_series&apos;: /usr/lib/libflint-arb.so: undefined symbol: acb_dirichlet_hardy_z_series" type="java.lang.UnsatisfiedLinkError"><![CDATA[java.lang.UnsatisfiedLinkError: Error looking up function 'acb_dirichlet_hardy_z_series': /usr/lib/libflint-arb.so: undefined symbol: acb_dirichlet_hardy_z_series
	at com.sun.jna.Function.<init>(Function.java:212)
	at com.sun.jna.NativeLibrary.getFunction(NativeLibrary.java:541)
	at com.sun.jna.NativeLibrary.getFunction(NativeLibrary.java:518)
	at com.sun.jna.NativeLibrary.getFunction(NativeLibrary.java:504)
	at com.sun.jna.Library$Handler.invoke(Library.java:220)
	at com.sun.proxy.$Proxy5.acb_dirichlet_hardy_z_series(Unknown Source)
	at fastmath.arb.Complex.HardyZAutoRelaxedTanhNewton(Complex.java:690)
	at fastmath.arb.ComplexTest.testHardyZSelfRelaxedNewton(ComplexTest.java:59)
]]></error>
  </testcase>
  <testcase name="testHardyZReducedNewtonIteration" classname="fastmath.arb.ComplexTest" time="0.002">
    <error message="Error looking up function &apos;acb_dirichlet_hardy_z_series&apos;: /usr/lib/libflint-arb.so: undefined symbol: acb_dirichlet_hardy_z_series" type="java.lang.UnsatisfiedLinkError"><![CDATA[java.lang.UnsatisfiedLinkError: Error looking up function 'acb_dirichlet_hardy_z_series': /usr/lib/libflint-arb.so: undefined symbol: acb_dirichlet_hardy_z_series
	at com.sun.jna.Function.<init>(Function.java:212)
	at com.sun.jna.NativeLibrary.getFunction(NativeLibrary.java:541)
	at com.sun.jna.NativeLibrary.getFunction(NativeLibrary.java:518)
	at com.sun.jna.NativeLibrary.getFunction(NativeLibrary.java:504)
	at com.sun.jna.Library$Handler.invoke(Library.java:220)
	at com.sun.proxy.$Proxy5.acb_dirichlet_hardy_z_series(Unknown Source)
	at fastmath.arb.Complex.HardyZNewton(Complex.java:613)
	at fastmath.arb.ComplexTest.lambda$0(ComplexTest.java:67)
]]></error>
  </testcase>
  <testcase name="testToString" classname="fastmath.arb.ComplexTest" time="0.002"/>
  <testcase name="testTanh" classname="fastmath.arb.ComplexTest" time="0.002"/>
  <testcase name="testGeneralizedSteffensen" classname="fastmath.arb.ComplexTest" time="0.003">
    <error message="Error looking up function &apos;acb_dirichlet_hardy_z&apos;: /usr/lib/libflint-arb.so: undefined symbol: acb_dirichlet_hardy_z" type="java.lang.UnsatisfiedLinkError"><![CDATA[java.lang.UnsatisfiedLinkError: Error looking up function 'acb_dirichlet_hardy_z': /usr/lib/libflint-arb.so: undefined symbol: acb_dirichlet_hardy_z
	at com.sun.jna.Function.<init>(Function.java:212)
	at com.sun.jna.NativeLibrary.getFunction(NativeLibrary.java:541)
	at com.sun.jna.NativeLibrary.getFunction(NativeLibrary.java:518)
	at com.sun.jna.NativeLibrary.getFunction(NativeLibrary.java:504)
	at com.sun.jna.Library$Handler.invoke(Library.java:220)
	at com.sun.proxy.$Proxy5.acb_dirichlet_hardy_z(Unknown Source)
	at fastmath.arb.Complex.HardyZ(Complex.java:432)
	at fastmath.arb.Complex.HTZGeneralizedSteffensen(Complex.java:747)
	at fastmath.arb.ComplexTest.testGeneralizedSteffensen(ComplexTest.java:129)
]]></error>
  </testcase>
  <testcase name="testZHalley" classname="fastmath.arb.ComplexTest" time="0.003">
    <error message="Error looking up function &apos;acb_dirichlet_hardy_z_series&apos;: /usr/lib/libflint-arb.so: undefined symbol: acb_dirichlet_hardy_z_series" type="java.lang.UnsatisfiedLinkError"><![CDATA[java.lang.UnsatisfiedLinkError: Error looking up function 'acb_dirichlet_hardy_z_series': /usr/lib/libflint-arb.so: undefined symbol: acb_dirichlet_hardy_z_series
	at com.sun.jna.Function.<init>(Function.java:212)
	at com.sun.jna.NativeLibrary.getFunction(NativeLibrary.java:541)
	at com.sun.jna.NativeLibrary.getFunction(NativeLibrary.java:518)
	at com.sun.jna.NativeLibrary.getFunction(NativeLibrary.java:504)
	at com.sun.jna.Library$Handler.invoke(Library.java:220)
	at com.sun.proxy.$Proxy5.acb_dirichlet_hardy_z_series(Unknown Source)
	at fastmath.arb.Complex.ZHalley(Complex.java:763)
	at fastmath.arb.ComplexTest.testZHalley(ComplexTest.java:138)
]]></error>
  </testcase>
  <testcase name="testGeneralizedRelaxedSteffensen" classname="fastmath.arb.ComplexTest" time="0.003">
    <error message="Error looking up function &apos;acb_dirichlet_hardy_z&apos;: /usr/lib/libflint-arb.so: undefined symbol: acb_dirichlet_hardy_z" type="java.lang.UnsatisfiedLinkError"><![CDATA[java.lang.UnsatisfiedLinkError: Error looking up function 'acb_dirichlet_hardy_z': /usr/lib/libflint-arb.so: undefined symbol: acb_dirichlet_hardy_z
	at com.sun.jna.Function.<init>(Function.java:212)
	at com.sun.jna.NativeLibrary.getFunction(NativeLibrary.java:541)
	at com.sun.jna.NativeLibrary.getFunction(NativeLibrary.java:518)
	at com.sun.jna.NativeLibrary.getFunction(NativeLibrary.java:504)
	at com.sun.jna.Library$Handler.invoke(Library.java:220)
	at com.sun.proxy.$Proxy5.acb_dirichlet_hardy_z(Unknown Source)
	at fastmath.arb.Complex.HardyZ(Complex.java:432)
	at fastmath.arb.Complex.HTZGeneralizedSteffensen(Complex.java:789)
	at fastmath.arb.ComplexTest.testGeneralizedRelaxedSteffensen(ComplexTest.java:147)
]]></error>
  </testcase>
  <testcase name="testHardyZReduced" classname="fastmath.arb.ComplexTest" time="0.002">
    <error message="Error looking up function &apos;acb_dirichlet_hardy_z&apos;: /usr/lib/libflint-arb.so: undefined symbol: acb_dirichlet_hardy_z" type="java.lang.UnsatisfiedLinkError"><![CDATA[java.lang.UnsatisfiedLinkError: Error looking up function 'acb_dirichlet_hardy_z': /usr/lib/libflint-arb.so: undefined symbol: acb_dirichlet_hardy_z
	at com.sun.jna.Function.<init>(Function.java:212)
	at com.sun.jna.NativeLibrary.getFunction(NativeLibrary.java:541)
	at com.sun.jna.NativeLibrary.getFunction(NativeLibrary.java:518)
	at com.sun.jna.NativeLibrary.getFunction(NativeLibrary.java:504)
	at com.sun.jna.Library$Handler.invoke(Library.java:220)
	at com.sun.proxy.$Proxy5.acb_dirichlet_hardy_z(Unknown Source)
	at fastmath.arb.Complex.HardyZ(Complex.java:432)
	at fastmath.arb.Complex.HardyZReduced(Complex.java:541)
	at fastmath.arb.ComplexTest.testHardyZReduced(ComplexTest.java:163)
]]></error>
  </testcase>
  <testcase name="testHardyZDerivativeReduced" classname="fastmath.arb.ComplexTest" time="0.002">
    <error message="Error looking up function &apos;acb_dirichlet_hardy_z_series&apos;: /usr/lib/libflint-arb.so: undefined symbol: acb_dirichlet_hardy_z_series" type="java.lang.UnsatisfiedLinkError"><![CDATA[java.lang.UnsatisfiedLinkError: Error looking up function 'acb_dirichlet_hardy_z_series': /usr/lib/libflint-arb.so: undefined symbol: acb_dirichlet_hardy_z_series
	at com.sun.jna.Function.<init>(Function.java:212)
	at com.sun.jna.NativeLibrary.getFunction(NativeLibrary.java:541)
	at com.sun.jna.NativeLibrary.getFunction(NativeLibrary.java:518)
	at com.sun.jna.NativeLibrary.getFunction(NativeLibrary.java:504)
	at com.sun.jna.Library$Handler.invoke(Library.java:220)
	at com.sun.proxy.$Proxy5.acb_dirichlet_hardy_z_series(Unknown Source)
	at fastmath.arb.Complex.HardyZDerivativeReduced(Complex.java:558)
	at fastmath.arb.ComplexTest.testHardyZDerivativeReduced(ComplexTest.java:170)
]]></error>
  </testcase>
  <testcase name="testHardyZ2ndDerivativeReduced" classname="fastmath.arb.ComplexTest" time="0.001">
    <error message="Error looking up function &apos;acb_dirichlet_hardy_z_series&apos;: /usr/lib/libflint-arb.so: undefined symbol: acb_dirichlet_hardy_z_series" type="java.lang.UnsatisfiedLinkError"><![CDATA[java.lang.UnsatisfiedLinkError: Error looking up function 'acb_dirichlet_hardy_z_series': /usr/lib/libflint-arb.so: undefined symbol: acb_dirichlet_hardy_z_series
	at com.sun.jna.Function.<init>(Function.java:212)
	at com.sun.jna.NativeLibrary.getFunction(NativeLibrary.java:541)
	at com.sun.jna.NativeLibrary.getFunction(NativeLibrary.java:518)
	at com.sun.jna.NativeLibrary.getFunction(NativeLibrary.java:504)
	at com.sun.jna.Library$Handler.invoke(Library.java:220)
	at com.sun.proxy.$Proxy5.acb_dirichlet_hardy_z_series(Unknown Source)
	at fastmath.arb.Complex.HardyZ2ndDerivativeReduced(Complex.java:571)
	at fastmath.arb.ComplexTest.testHardyZ2ndDerivativeReduced(ComplexTest.java:177)
]]></error>
  </testcase>
  <testcase name="testHardyZSelfRelaxedReducedNewtonIteration" classname="fastmath.arb.ComplexTest" time="0.002">
    <error message="Error looking up function &apos;acb_dirichlet_hardy_z&apos;: /usr/lib/libflint-arb.so: undefined symbol: acb_dirichlet_hardy_z" type="java.lang.UnsatisfiedLinkError"><![CDATA[java.lang.UnsatisfiedLinkError: Error looking up function 'acb_dirichlet_hardy_z': /usr/lib/libflint-arb.so: undefined symbol: acb_dirichlet_hardy_z
	at com.sun.jna.Function.<init>(Function.java:212)
	at com.sun.jna.NativeLibrary.getFunction(NativeLibrary.java:541)
	at com.sun.jna.NativeLibrary.getFunction(NativeLibrary.java:518)
	at com.sun.jna.NativeLibrary.getFunction(NativeLibrary.java:504)
	at com.sun.jna.Library$Handler.invoke(Library.java:220)
	at com.sun.proxy.$Proxy5.acb_dirichlet_hardy_z(Unknown Source)
	at fastmath.arb.Complex.HardyZ(Complex.java:432)
	at fastmath.arb.Complex.HardyZReduced(Complex.java:541)
	at fastmath.arb.Complex.HardyZAutoRelaxedReducedNewton(Complex.java:597)
	at fastmath.arb.ComplexTest.testHardyZSelfRelaxedReducedNewtonIteration(ComplexTest.java:185)
]]></error>
  </testcase>
</testsuite>